<?xml version="1.0" encoding="UTF-8"?>
<!-- Generated by org.testng.reporters.JUnitReportReporter -->
<testsuite hostname="TYSS-4F-087" name="test.VerifyElementsinShippingTest" tests="1" failures="0" timestamp="30 Oct 2017 02:57:15 GMT" time="31.874" errors="0">
  <testcase name="Verifyelements" time="31.874" classname="test.VerifyElementsinShippingTest"/>
</testsuite> <!-- test.VerifyElementsinShippingTest -->
