<?xml version="1.0" encoding="UTF-8"?>
<!-- Generated by org.testng.reporters.JUnitReportReporter -->
<testsuite hostname="TYSS-4F-087" name="test.VerifyQuickviewTest" tests="1" failures="0" timestamp="31 Oct 2017 08:35:01 GMT" time="15.459" errors="0">
  <testcase name="Verifyquickview" time="15.459" classname="test.VerifyQuickviewTest"/>
</testsuite> <!-- test.VerifyQuickviewTest -->
