<?xml version="1.0" encoding="UTF-8"?>
<!-- Generated by org.testng.reporters.JUnitReportReporter -->
<testsuite hostname="TYSS-4F-087" name="test.DropdownVerifyTest" tests="1" failures="0" timestamp="30 Oct 2017 10:02:07 GMT" time="44.490" errors="0">
  <testcase name="Verifydropdown" time="44.490" classname="test.DropdownVerifyTest"/>
</testsuite> <!-- test.DropdownVerifyTest -->
