<?xml version="1.0" encoding="UTF-8"?>
<!-- Generated by org.testng.reporters.JUnitReportReporter -->
<testsuite hostname="TYSS-4F-087" name="test.ProductSelectionTest" tests="1" failures="0" timestamp="26 Oct 2017 22:51:01 GMT" time="15.034" errors="0">
  <testcase name="productselection" time="15.034" classname="test.ProductSelectionTest"/>
</testsuite> <!-- test.ProductSelectionTest -->
