<?xml version="1.0" encoding="UTF-8"?>
<!-- Generated by org.testng.reporters.JUnitReportReporter -->
<testsuite hostname="TYSS-4F-087" name="test.Paymentoptions" tests="1" failures="0" timestamp="30 Oct 2017 00:34:13 GMT" time="45.182" errors="0">
  <testcase name="Paymentoptions" time="45.182" classname="test.Paymentoptions"/>
</testsuite> <!-- test.Paymentoptions -->
