<?xml version="1.0" encoding="UTF-8"?>
<!-- Generated by org.testng.reporters.JUnitReportReporter -->
<testsuite hostname="TYSS-4F-087" name="test.AddressValidationTest" tests="1" failures="0" timestamp="30 Oct 2017 10:39:26 GMT" time="44.532" errors="0">
  <testcase name="AddressValidation" time="44.532" classname="test.AddressValidationTest"/>
</testsuite> <!-- test.AddressValidationTest -->
