<?xml version="1.0" encoding="UTF-8"?>
<!-- Generated by org.testng.reporters.JUnitReportReporter -->
<testsuite hostname="TYSS-4F-087" name="test.BluestoneproductTest" tests="1" failures="0" timestamp="26 Oct 2017 05:01:07 GMT" time="23.098" errors="0">
  <testcase name="testdropdown" time="23.098" classname="test.BluestoneproductTest"/>
</testsuite> <!-- test.BluestoneproductTest -->
