<?xml version="1.0" encoding="UTF-8"?>
<!-- Generated by org.testng.reporters.JUnitReportReporter -->
<testsuite hostname="TYSS-4F-087" name="test.CountryelementsTest" tests="1" failures="0" timestamp="30 Oct 2017 03:57:53 GMT" time="44.604" errors="0">
  <testcase name="listofCountry" time="44.604" classname="test.CountryelementsTest"/>
</testsuite> <!-- test.CountryelementsTest -->
