<?xml version="1.0" encoding="UTF-8"?>
<!-- Generated by org.testng.reporters.JUnitReportReporter -->
<testsuite hostname="TYSS-4F-087" name="test.PayemntCODTest" tests="1" failures="0" timestamp="31 Oct 2017 06:01:59 GMT" time="34.997" errors="0">
  <testcase name="CODTest" time="34.997" classname="test.PayemntCODTest"/>
</testsuite> <!-- test.PayemntCODTest -->
