<?xml version="1.0" encoding="UTF-8"?>
<!-- Generated by org.testng.reporters.JUnitReportReporter -->
<testsuite hostname="TYSS-4F-087" name="test.ValidLoginTest" tests="1" failures="0" timestamp="26 Oct 2017 22:51:01 GMT" time="26.173" errors="0">
  <testcase name="validlogin" time="26.173" classname="test.ValidLoginTest"/>
</testsuite> <!-- test.ValidLoginTest -->
