<?xml version="1.0" encoding="UTF-8"?>
<!-- Generated by org.testng.reporters.JUnitReportReporter -->
<testsuite hostname="TYSS-4F-087" name="test.PaymentsuboptionsTest" tests="1" failures="0" timestamp="31 Oct 2017 05:58:22 GMT" time="49.390" errors="0">
  <testcase name="Verifypaymentoptions" time="49.390" classname="test.PaymentsuboptionsTest"/>
</testsuite> <!-- test.PaymentsuboptionsTest -->
