<?xml version="1.0" encoding="UTF-8"?>
<!-- Generated by org.testng.reporters.JUnitReportReporter -->
<testsuite hostname="TYSS-4F-087" name="test.InvalidEmialTest" tests="1" failures="0" timestamp="30 Oct 2017 11:17:51 GMT" time="29.820" errors="0">
  <testcase name="VerifyEmailaddress" time="29.820" classname="test.InvalidEmialTest"/>
</testsuite> <!-- test.InvalidEmialTest -->
