<?xml version="1.0" encoding="UTF-8"?>
<!-- Generated by org.testng.reporters.JUnitReportReporter -->
<testsuite hostname="TYSS-4F-087" name="test.SmallImageVerifyTest" tests="1" failures="0" timestamp="3 Nov 2017 06:43:23 GMT" time="31.249" errors="0">
  <testcase name="VerifysmallImage" time="31.249" classname="test.SmallImageVerifyTest"/>
</testsuite> <!-- test.SmallImageVerifyTest -->
