<?xml version="1.0" encoding="UTF-8"?>
<!-- Generated by org.testng.reporters.JUnitReportReporter -->
<testsuite hostname="TYSS-4F-087" name="test.ThirdpartyTest" tests="1" failures="0" timestamp="31 Oct 2017 11:20:16 GMT" time="11.093" errors="0">
  <testcase name="Veifythirdpartyicon" time="11.093" classname="test.ThirdpartyTest"/>
</testsuite> <!-- test.ThirdpartyTest -->
